__main__-2021-11-27 12:24:35,474-DEBUG-デバッグログ
__main__-2021-11-27 12:24:35,476-INFO-インフォログ
__main__-2021-11-27 12:24:35,477-WARNING-ワーニングログ
__main__-2021-11-27 12:24:35,477-ERROR-エラーログ
__main__-2021-11-27 12:24:35,477-CRITICAL-クリティカルログ
__main__-2021-11-27 12:24:36,477-DEBUG-デバッグログ
__main__-2021-11-27 12:24:36,478-INFO-インフォログ
__main__-2021-11-27 12:24:36,478-WARNING-ワーニングログ
__main__-2021-11-27 12:24:36,478-ERROR-エラーログ
__main__-2021-11-27 12:24:36,479-CRITICAL-クリティカルログ
__main__-2021-11-27 12:24:37,483-DEBUG-デバッグログ
__main__-2021-11-27 12:24:37,487-INFO-インフォログ
__main__-2021-11-27 12:24:37,487-WARNING-ワーニングログ
__main__-2021-11-27 12:24:37,488-ERROR-エラーログ
__main__-2021-11-27 12:24:37,488-CRITICAL-クリティカルログ
__main__-2021-11-27 12:24:38,493-DEBUG-デバッグログ
__main__-2021-11-27 12:24:38,494-INFO-インフォログ
__main__-2021-11-27 12:24:38,494-WARNING-ワーニングログ
__main__-2021-11-27 12:24:38,494-ERROR-エラーログ
__main__-2021-11-27 12:24:38,494-CRITICAL-クリティカルログ
__main__-2021-11-27 12:24:39,499-DEBUG-デバッグログ
__main__-2021-11-27 12:24:39,500-INFO-インフォログ
__main__-2021-11-27 12:24:39,500-WARNING-ワーニングログ
__main__-2021-11-27 12:24:39,500-ERROR-エラーログ
__main__-2021-11-27 12:24:39,500-CRITICAL-クリティカルログ
__main__-2021-11-27 12:24:40,506-DEBUG-デバッグログ
__main__-2021-11-27 12:24:40,506-INFO-インフォログ
__main__-2021-11-27 12:24:40,507-WARNING-ワーニングログ
__main__-2021-11-27 12:24:40,507-ERROR-エラーログ
__main__-2021-11-27 12:24:40,507-CRITICAL-クリティカルログ
__main__-2021-11-27 12:24:41,513-DEBUG-デバッグログ
__main__-2021-11-27 12:24:41,513-INFO-インフォログ
__main__-2021-11-27 12:24:41,513-WARNING-ワーニングログ
__main__-2021-11-27 12:24:41,513-ERROR-エラーログ
__main__-2021-11-27 12:24:41,513-CRITICAL-クリティカルログ
